<?xml version="1.0" encoding="UTF-8"?>
<testng-results skipped="0" failed="0" ignored="0" total="1" passed="1">
  <reporter-output>
  </reporter-output>
  <suite name="Default suite" duration-ms="126" started-at="2020-03-16T22:39:19 IST" finished-at="2020-03-16T22:39:19 IST">
    <groups>
    </groups>
    <test name="Default test" duration-ms="126" started-at="2020-03-16T22:39:19 IST" finished-at="2020-03-16T22:39:19 IST">
      <class name="commandPrompt">
        <test-method status="PASS" signature="display()[pri:0, instance:commandPrompt@3327bd23]" name="display" duration-ms="27" started-at="2020-03-16T22:39:19 IST" finished-at="2020-03-16T22:39:19 IST">
          <reporter-output>
          </reporter-output>
        </test-method> <!-- display -->
      </class> <!-- commandPrompt -->
    </test> <!-- Default test -->
  </suite> <!-- Default suite -->
</testng-results>
